[0.055s] DEBUG:colcon:Command line arguments: ['/usr/bin/colcon', 'build', '--symlink-install']
[0.055s] DEBUG:colcon:Parsed command line arguments: Namespace(log_base=None, log_level=None, verb_name='build', build_base='build', install_base='install', merge_install=False, symlink_install=True, test_result_base=None, continue_on_error=False, executor='parallel', parallel_workers=16, event_handlers=None, ignore_user_meta=False, metas=['./colcon.meta'], base_paths=['.'], packages_ignore=None, packages_ignore_regex=None, paths=None, packages_up_to=None, packages_up_to_regex=None, packages_above=None, packages_above_and_dependencies=None, packages_above_depth=None, packages_select_by_dep=None, packages_skip_by_dep=None, packages_skip_up_to=None, packages_select_build_failed=False, packages_skip_build_finished=False, packages_select_test_failures=False, packages_skip_test_passed=False, packages_select=None, packages_skip=None, packages_select_regex=None, packages_skip_regex=None, packages_start=None, packages_end=None, allow_overriding=[], cmake_args=None, cmake_target=None, cmake_target_skip_unavailable=False, cmake_clean_cache=False, cmake_clean_first=False, cmake_force_configure=False, ament_cmake_args=None, catkin_cmake_args=None, catkin_skip_building_tests=False, verb_parser=<colcon_defaults.argument_parser.defaults.DefaultArgumentsDecorator object at 0x7623a9a9fc10>, verb_extension=<colcon_core.verb.build.BuildVerb object at 0x7623a9a9f700>, main=<bound method BuildVerb.main of <colcon_core.verb.build.BuildVerb object at 0x7623a9a9f700>>)
[0.133s] Level 1:colcon.colcon_core.package_discovery:discover_packages(colcon_meta) check parameters
[0.133s] Level 1:colcon.colcon_core.package_discovery:discover_packages(recursive) check parameters
[0.133s] Level 1:colcon.colcon_core.package_discovery:discover_packages(ignore) check parameters
[0.133s] Level 1:colcon.colcon_core.package_discovery:discover_packages(path) check parameters
[0.133s] Level 1:colcon.colcon_core.package_discovery:discover_packages(colcon_meta) discover
[0.133s] Level 1:colcon.colcon_core.package_discovery:discover_packages(recursive) discover
[0.133s] INFO:colcon.colcon_core.package_discovery:Crawling recursively for packages in '/home/nolan/Documents/Reinforcement_Learning'
[0.133s] Level 1:colcon.colcon_core.package_identification:_identify(.) by extensions ['ignore', 'ignore_ament_install']
[0.134s] Level 1:colcon.colcon_core.package_identification:_identify(.) by extension 'ignore'
[0.134s] Level 1:colcon.colcon_core.package_identification:_identify(.) by extension 'ignore_ament_install'
[0.134s] Level 1:colcon.colcon_core.package_identification:_identify(.) by extensions ['colcon_pkg']
[0.134s] Level 1:colcon.colcon_core.package_identification:_identify(.) by extension 'colcon_pkg'
[0.134s] Level 1:colcon.colcon_core.package_identification:_identify(.) by extensions ['colcon_meta']
[0.134s] Level 1:colcon.colcon_core.package_identification:_identify(.) by extension 'colcon_meta'
[0.134s] Level 1:colcon.colcon_core.package_identification:_identify(.) by extensions ['ros']
[0.134s] Level 1:colcon.colcon_core.package_identification:_identify(.) by extension 'ros'
[0.141s] DEBUG:colcon.colcon_core.package_identification:Package '.' with type 'ros.ament_cmake' and name 'articubot_one'
[0.141s] Level 1:colcon.colcon_core.package_discovery:discover_packages(recursive) using defaults
[0.141s] Level 1:colcon.colcon_core.package_discovery:discover_packages(ignore) discover
[0.141s] Level 1:colcon.colcon_core.package_discovery:discover_packages(ignore) using defaults
[0.141s] Level 1:colcon.colcon_core.package_discovery:discover_packages(path) discover
[0.141s] Level 1:colcon.colcon_core.package_discovery:discover_packages(path) using defaults
[0.152s] Level 1:colcon.colcon_core.package_discovery:discover_packages(prefix_path) check parameters
[0.152s] Level 1:colcon.colcon_core.package_discovery:discover_packages(prefix_path) discover
[0.152s] WARNING:colcon.colcon_ros.prefix_path.catkin:The path '/home/nolan/Documents/Reinforcement_Learning/install/articubot_one' in the environment variable CMAKE_PREFIX_PATH doesn't exist
[0.153s] DEBUG:colcon.colcon_installed_package_information.package_discovery:Found 0 installed packages in /home/nolan/Documents/Reinforcement_Learning/install
[0.154s] DEBUG:colcon.colcon_installed_package_information.package_discovery:Found 325 installed packages in /opt/ros/humble
[0.162s] Level 1:colcon.colcon_core.package_discovery:discover_packages(prefix_path) using defaults
[0.184s] Level 5:colcon.colcon_core.verb:set package 'articubot_one' build argument 'cmake_args' from command line to 'None'
[0.184s] Level 5:colcon.colcon_core.verb:set package 'articubot_one' build argument 'cmake_target' from command line to 'None'
[0.184s] Level 5:colcon.colcon_core.verb:set package 'articubot_one' build argument 'cmake_target_skip_unavailable' from command line to 'False'
[0.184s] Level 5:colcon.colcon_core.verb:set package 'articubot_one' build argument 'cmake_clean_cache' from command line to 'False'
[0.184s] Level 5:colcon.colcon_core.verb:set package 'articubot_one' build argument 'cmake_clean_first' from command line to 'False'
[0.184s] Level 5:colcon.colcon_core.verb:set package 'articubot_one' build argument 'cmake_force_configure' from command line to 'False'
[0.184s] Level 5:colcon.colcon_core.verb:set package 'articubot_one' build argument 'ament_cmake_args' from command line to 'None'
[0.184s] Level 5:colcon.colcon_core.verb:set package 'articubot_one' build argument 'catkin_cmake_args' from command line to 'None'
[0.184s] Level 5:colcon.colcon_core.verb:set package 'articubot_one' build argument 'catkin_skip_building_tests' from command line to 'False'
[0.184s] DEBUG:colcon.colcon_core.verb:Building package 'articubot_one' with the following arguments: {'ament_cmake_args': None, 'build_base': '/home/nolan/Documents/Reinforcement_Learning/build/articubot_one', 'catkin_cmake_args': None, 'catkin_skip_building_tests': False, 'cmake_args': None, 'cmake_clean_cache': False, 'cmake_clean_first': False, 'cmake_force_configure': False, 'cmake_target': None, 'cmake_target_skip_unavailable': False, 'install_base': '/home/nolan/Documents/Reinforcement_Learning/install/articubot_one', 'merge_install': False, 'path': '/home/nolan/Documents/Reinforcement_Learning', 'symlink_install': True, 'test_result_base': None}
[0.184s] INFO:colcon.colcon_core.executor:Executing jobs using 'parallel' executor
[0.185s] DEBUG:colcon.colcon_parallel_executor.executor.parallel:run_until_complete
[0.185s] INFO:colcon.colcon_ros.task.ament_cmake.build:Building ROS package in '/home/nolan/Documents/Reinforcement_Learning' with build type 'ament_cmake'
[0.185s] INFO:colcon.colcon_cmake.task.cmake.build:Building CMake package in '/home/nolan/Documents/Reinforcement_Learning'
[0.186s] INFO:colcon.colcon_core.plugin_system:Skipping extension 'colcon_core.shell.bat': Not used on non-Windows systems
[0.186s] INFO:colcon.colcon_core.shell:Skip shell extension 'powershell' for command environment: Not usable outside of PowerShell
[0.186s] DEBUG:colcon.colcon_core.shell:Skip shell extension 'dsv' for command environment
[0.192s] DEBUG:colcon.colcon_core.event_handler.log_command:Invoking command in '/home/nolan/Documents/Reinforcement_Learning/build/articubot_one': CMAKE_PREFIX_PATH=${CMAKE_PREFIX_PATH}:/opt/ros/humble /usr/bin/cmake /home/nolan/Documents/Reinforcement_Learning -DAMENT_CMAKE_SYMLINK_INSTALL=1 -DCMAKE_INSTALL_PREFIX=/home/nolan/Documents/Reinforcement_Learning/install/articubot_one
[9.769s] DEBUG:colcon.colcon_core.event_handler.log_command:Invoked command in '/home/nolan/Documents/Reinforcement_Learning/build/articubot_one' returned '0': CMAKE_PREFIX_PATH=${CMAKE_PREFIX_PATH}:/opt/ros/humble /usr/bin/cmake /home/nolan/Documents/Reinforcement_Learning -DAMENT_CMAKE_SYMLINK_INSTALL=1 -DCMAKE_INSTALL_PREFIX=/home/nolan/Documents/Reinforcement_Learning/install/articubot_one
[9.770s] DEBUG:colcon.colcon_core.event_handler.log_command:Invoking command in '/home/nolan/Documents/Reinforcement_Learning/build/articubot_one': CMAKE_PREFIX_PATH=${CMAKE_PREFIX_PATH}:/opt/ros/humble /usr/bin/cmake --build /home/nolan/Documents/Reinforcement_Learning/build/articubot_one -- -j16 -l16
[9.805s] DEBUG:colcon.colcon_core.event_handler.log_command:Invoked command in '/home/nolan/Documents/Reinforcement_Learning/build/articubot_one' returned '0': CMAKE_PREFIX_PATH=${CMAKE_PREFIX_PATH}:/opt/ros/humble /usr/bin/cmake --build /home/nolan/Documents/Reinforcement_Learning/build/articubot_one -- -j16 -l16
[9.814s] DEBUG:colcon.colcon_core.event_handler.log_command:Invoking command in '/home/nolan/Documents/Reinforcement_Learning/build/articubot_one': CMAKE_PREFIX_PATH=${CMAKE_PREFIX_PATH}:/opt/ros/humble /usr/bin/cmake --install /home/nolan/Documents/Reinforcement_Learning/build/articubot_one
[10.056s] Level 1:colcon.colcon_core.environment:create_environment_scripts_only(articubot_one)
[10.056s] DEBUG:colcon.colcon_core.event_handler.log_command:Invoked command in '/home/nolan/Documents/Reinforcement_Learning/build/articubot_one' returned '0': CMAKE_PREFIX_PATH=${CMAKE_PREFIX_PATH}:/opt/ros/humble /usr/bin/cmake --install /home/nolan/Documents/Reinforcement_Learning/build/articubot_one
[10.057s] Level 1:colcon.colcon_core.environment:checking '/home/nolan/Documents/Reinforcement_Learning/install/articubot_one' for CMake module files
[10.058s] Level 1:colcon.colcon_core.environment:checking '/home/nolan/Documents/Reinforcement_Learning/install/articubot_one' for CMake config files
[10.058s] Level 1:colcon.colcon_core.shell:create_environment_hook('articubot_one', 'cmake_prefix_path')
[10.058s] INFO:colcon.colcon_core.shell:Creating environment hook '/home/nolan/Documents/Reinforcement_Learning/install/articubot_one/share/articubot_one/hook/cmake_prefix_path.ps1'
[10.058s] INFO:colcon.colcon_core.shell:Creating environment descriptor '/home/nolan/Documents/Reinforcement_Learning/install/articubot_one/share/articubot_one/hook/cmake_prefix_path.dsv'
[10.059s] INFO:colcon.colcon_core.shell:Creating environment hook '/home/nolan/Documents/Reinforcement_Learning/install/articubot_one/share/articubot_one/hook/cmake_prefix_path.sh'
[10.059s] Level 1:colcon.colcon_core.environment:checking '/home/nolan/Documents/Reinforcement_Learning/install/articubot_one/bin'
[10.059s] Level 1:colcon.colcon_core.environment:checking '/home/nolan/Documents/Reinforcement_Learning/install/articubot_one/lib/pkgconfig/articubot_one.pc'
[10.059s] Level 1:colcon.colcon_core.environment:checking '/home/nolan/Documents/Reinforcement_Learning/install/articubot_one/lib/python3.10/site-packages'
[10.060s] Level 1:colcon.colcon_core.environment:checking '/home/nolan/Documents/Reinforcement_Learning/install/articubot_one/bin'
[10.060s] INFO:colcon.colcon_core.shell:Creating package script '/home/nolan/Documents/Reinforcement_Learning/install/articubot_one/share/articubot_one/package.ps1'
[10.060s] INFO:colcon.colcon_core.shell:Creating package descriptor '/home/nolan/Documents/Reinforcement_Learning/install/articubot_one/share/articubot_one/package.dsv'
[10.060s] INFO:colcon.colcon_core.shell:Creating package script '/home/nolan/Documents/Reinforcement_Learning/install/articubot_one/share/articubot_one/package.sh'
[10.061s] INFO:colcon.colcon_core.shell:Creating package script '/home/nolan/Documents/Reinforcement_Learning/install/articubot_one/share/articubot_one/package.bash'
[10.061s] INFO:colcon.colcon_core.shell:Creating package script '/home/nolan/Documents/Reinforcement_Learning/install/articubot_one/share/articubot_one/package.zsh'
[10.061s] Level 1:colcon.colcon_core.environment:create_file_with_runtime_dependencies(/home/nolan/Documents/Reinforcement_Learning/install/articubot_one/share/colcon-core/packages/articubot_one)
[10.062s] Level 1:colcon.colcon_core.environment:create_environment_scripts_only(articubot_one)
[10.062s] Level 1:colcon.colcon_core.environment:checking '/home/nolan/Documents/Reinforcement_Learning/install/articubot_one' for CMake module files
[10.062s] Level 1:colcon.colcon_core.environment:checking '/home/nolan/Documents/Reinforcement_Learning/install/articubot_one' for CMake config files
[10.062s] Level 1:colcon.colcon_core.shell:create_environment_hook('articubot_one', 'cmake_prefix_path')
[10.062s] INFO:colcon.colcon_core.shell:Creating environment hook '/home/nolan/Documents/Reinforcement_Learning/install/articubot_one/share/articubot_one/hook/cmake_prefix_path.ps1'
[10.063s] INFO:colcon.colcon_core.shell:Creating environment descriptor '/home/nolan/Documents/Reinforcement_Learning/install/articubot_one/share/articubot_one/hook/cmake_prefix_path.dsv'
[10.063s] INFO:colcon.colcon_core.shell:Creating environment hook '/home/nolan/Documents/Reinforcement_Learning/install/articubot_one/share/articubot_one/hook/cmake_prefix_path.sh'
[10.063s] Level 1:colcon.colcon_core.environment:checking '/home/nolan/Documents/Reinforcement_Learning/install/articubot_one/bin'
[10.063s] Level 1:colcon.colcon_core.environment:checking '/home/nolan/Documents/Reinforcement_Learning/install/articubot_one/lib/pkgconfig/articubot_one.pc'
[10.063s] Level 1:colcon.colcon_core.environment:checking '/home/nolan/Documents/Reinforcement_Learning/install/articubot_one/lib/python3.10/site-packages'
[10.063s] Level 1:colcon.colcon_core.environment:checking '/home/nolan/Documents/Reinforcement_Learning/install/articubot_one/bin'
[10.064s] INFO:colcon.colcon_core.shell:Creating package script '/home/nolan/Documents/Reinforcement_Learning/install/articubot_one/share/articubot_one/package.ps1'
[10.064s] INFO:colcon.colcon_core.shell:Creating package descriptor '/home/nolan/Documents/Reinforcement_Learning/install/articubot_one/share/articubot_one/package.dsv'
[10.064s] INFO:colcon.colcon_core.shell:Creating package script '/home/nolan/Documents/Reinforcement_Learning/install/articubot_one/share/articubot_one/package.sh'
[10.064s] INFO:colcon.colcon_core.shell:Creating package script '/home/nolan/Documents/Reinforcement_Learning/install/articubot_one/share/articubot_one/package.bash'
[10.065s] INFO:colcon.colcon_core.shell:Creating package script '/home/nolan/Documents/Reinforcement_Learning/install/articubot_one/share/articubot_one/package.zsh'
[10.065s] Level 1:colcon.colcon_core.environment:create_file_with_runtime_dependencies(/home/nolan/Documents/Reinforcement_Learning/install/articubot_one/share/colcon-core/packages/articubot_one)
[10.065s] DEBUG:colcon.colcon_parallel_executor.executor.parallel:closing loop
[10.065s] DEBUG:colcon.colcon_parallel_executor.executor.parallel:loop closed
[10.065s] DEBUG:colcon.colcon_parallel_executor.executor.parallel:run_until_complete finished with '0'
[10.065s] DEBUG:colcon.colcon_core.event_reactor:joining thread
[10.069s] INFO:colcon.colcon_core.plugin_system:Skipping extension 'colcon_notification.desktop_notification.terminal_notifier': Not used on non-Darwin systems
[10.069s] INFO:colcon.colcon_core.plugin_system:Skipping extension 'colcon_notification.desktop_notification.win32': Not used on non-Windows systems
[10.069s] INFO:colcon.colcon_notification.desktop_notification:Sending desktop notification using 'notify2'
[10.077s] DEBUG:colcon.colcon_core.event_reactor:joined thread
[10.077s] INFO:colcon.colcon_core.shell:Creating prefix script '/home/nolan/Documents/Reinforcement_Learning/install/local_setup.ps1'
[10.078s] INFO:colcon.colcon_core.shell:Creating prefix util module '/home/nolan/Documents/Reinforcement_Learning/install/_local_setup_util_ps1.py'
[10.078s] INFO:colcon.colcon_core.shell:Creating prefix chain script '/home/nolan/Documents/Reinforcement_Learning/install/setup.ps1'
[10.079s] INFO:colcon.colcon_core.shell:Creating prefix script '/home/nolan/Documents/Reinforcement_Learning/install/local_setup.sh'
[10.079s] INFO:colcon.colcon_core.shell:Creating prefix util module '/home/nolan/Documents/Reinforcement_Learning/install/_local_setup_util_sh.py'
[10.080s] INFO:colcon.colcon_core.shell:Creating prefix chain script '/home/nolan/Documents/Reinforcement_Learning/install/setup.sh'
[10.080s] INFO:colcon.colcon_core.shell:Creating prefix script '/home/nolan/Documents/Reinforcement_Learning/install/local_setup.bash'
[10.080s] INFO:colcon.colcon_core.shell:Creating prefix chain script '/home/nolan/Documents/Reinforcement_Learning/install/setup.bash'
[10.081s] INFO:colcon.colcon_core.shell:Creating prefix script '/home/nolan/Documents/Reinforcement_Learning/install/local_setup.zsh'
[10.081s] INFO:colcon.colcon_core.shell:Creating prefix chain script '/home/nolan/Documents/Reinforcement_Learning/install/setup.zsh'
